<?xml version="1.0" encoding="UTF-8"?>
<!-- Generated by org.testng.reporters.JUnitReportReporter -->
<testsuite hostname="Ramadevi" failures="0" tests="1" name="com.testScripts.ActionClick" time="5.926" errors="0" timestamp="2023-01-09T21:25:08 EST" skipped="0">
  <testcase classname="com.testScripts.ActionClick" name="checkOutItem" time="5.926"/>
  <system-out/>
</testsuite> <!-- com.testScripts.ActionClick -->
